<?xml version="1.0" encoding="UTF-8"?>
<!-- Generated by org.testng.reporters.JUnitReportReporter -->
<testsuite hostname="5CG62365JG" name="practice.NewTest1" tests="3" failures="0" timestamp="7 Sep 2017 05:06:55 GMT" time="0.018" errors="0">
  <testcase name="aTest" time="0.010" classname="practice.NewTest1"/>
  <testcase name="zTest" time="0.005" classname="practice.NewTest1"/>
  <testcase name="bTest" time="0.003" classname="practice.NewTest1"/>
</testsuite> <!-- practice.NewTest1 -->
