<?xml version="1.0" encoding="UTF-8"?>
<!-- Generated by org.testng.reporters.JUnitReportReporter -->
<testsuite hostname="5CG62365JG" name="practice.TestNGSession1" tests="1" failures="0" timestamp="31 Aug 2017 05:04:23 GMT" time="13.259" errors="0">
  <testcase name="launchBrowserTest" time="13.259" classname="practice.TestNGSession1"/>
</testsuite> <!-- practice.TestNGSession1 -->
