<?xml version="1.0" encoding="UTF-8"?>
<!-- Generated by org.testng.reporters.JUnitReportReporter -->
<testsuite hostname="5CG62365JG" name="practice.DragAndDropTest" tests="1" failures="0" timestamp="13 Sep 2017 04:26:25 GMT" time="23.890" errors="0">
  <testcase name="dragAndDropTest" time="23.890" classname="practice.DragAndDropTest"/>
</testsuite> <!-- practice.DragAndDropTest -->
