<?xml version="1.0" encoding="UTF-8"?>
<!-- Generated by org.testng.reporters.JUnitReportReporter -->
<testsuite hostname="5CG62365JG" name="practice.AssertTest" tests="3" failures="0" timestamp="12 Sep 2017 05:05:19 GMT" time="0.026" errors="0">
  <testcase name="test1" time="0.018" classname="practice.AssertTest"/>
  <testcase name="test2" time="0.004" classname="practice.AssertTest"/>
  <testcase name="test3" time="0.004" classname="practice.AssertTest"/>
</testsuite> <!-- practice.AssertTest -->
