<?xml version="1.0" encoding="UTF-8"?>
<!-- Generated by org.testng.reporters.JUnitReportReporter -->
<testsuite hostname="5CG62365JG" name="practice.NewTest" tests="1" failures="0" timestamp="7 Sep 2017 02:25:52 GMT" time="0.025" errors="0">
  <testcase name="f" time="0.025" classname="practice.NewTest"/>
</testsuite> <!-- practice.NewTest -->
